AT
OK
AT+QGACT=1,1,"apn","internet.iot"
+QGACT: 1

OK
AT+QCGDEFCONT="IP","internet.iot
OK
AT+QBAND=1,8

OK
AT+QRST=1
RbRQBBR ⸮v`⸮
RbRQBBR ⸮v`⸮
AT+QRST⸮
RbRQBBR ⸮v`⸮
RcRQBBR ⸮vY⸮
AT
OK

+IP: 10.193.208.45
AT+CPIN
ERROR

+CPIN: NOT READY
AT+CPIN
ERROR
AT+CPIN
ERROR
AT+CPIN?
ERROR
AT+CPIN
ERROR
AT+CEREG?
+CEREG: 0,0

OK
AT
OK
AT+QRST=?
+QRST: (1)

OK
AT+QRS⸮
RbRQBBR ⸮v`⸮
RbRQBBR ⸮v`⸮
AT
OK
AT+CFUN?
+CFUN: 1

OK
AT+CIMI
466924700020762

OK
AT+CGSN=1
+CGSN: 866971035967319

OK
AT+CESQ
+CESQ: 45,0,255,255,26,69

OK
AT+CGATT?
+CGATT: 1

OK
AT+CEREG?
+CEREG: 0,1

OK
AT+CSCON?
+CSCON: 0,0

OK
AT+CGPADDR=1
+CGPADDR: 1,10.197.185.191

OK
AT+CPIN?
+CPIN: READY

OK
AT+CEREG?
+CEREG: 0,1

OK
AT+CESQ
+CESQ: 45,0,255,255,26,69

OK
AT+CGPADDR=1
+CGPADDR: 1,10.197.185.191

OK
